C:\USERS\Александр\WORK\MP2\MP2-LAB3-ARITHMETIC\SLN\VS10\POSTFIX\SAMPLE_STACK\DEBUG\SAMPLE_STACK.OBJ
C:\USERS\АЛЕКСАНДР\WORK\MP2\MP2-LAB3-ARITHMETIC\SLN\VS10\POSTFIX\SAMPLE_STACK\DEBUG\VC110.PDB
C:\Users\Александр\Work\mp2\mp2-lab3-arithmetic\sln\vs10\postfix\sample_stack\Debug\sample_stack.vcxprojResolveAssemblyReference.cache
C:\Users\Александр\Work\mp2\mp2-lab3-arithmetic\sln\vs10\postfix\sample_stack\Debug\cl.command.1.tlog
C:\Users\Александр\Work\mp2\mp2-lab3-arithmetic\sln\vs10\postfix\sample_stack\Debug\CL.read.1.tlog
C:\Users\Александр\Work\mp2\mp2-lab3-arithmetic\sln\vs10\postfix\sample_stack\Debug\CL.write.1.tlog
C:\Users\Александр\Work\mp2\mp2-lab3-arithmetic\sln\vs10\postfix\sample_stack\Debug\link-cvtres.read.1.tlog
C:\Users\Александр\Work\mp2\mp2-lab3-arithmetic\sln\vs10\postfix\sample_stack\Debug\link-cvtres.write.1.tlog
C:\Users\Александр\Work\mp2\mp2-lab3-arithmetic\sln\vs10\postfix\sample_stack\Debug\link-rc.read.1.tlog
C:\Users\Александр\Work\mp2\mp2-lab3-arithmetic\sln\vs10\postfix\sample_stack\Debug\link-rc.write.1.tlog
C:\Users\Александр\Work\mp2\mp2-lab3-arithmetic\sln\vs10\postfix\sample_stack\Debug\link.5428-cvtres.read.1.tlog
C:\Users\Александр\Work\mp2\mp2-lab3-arithmetic\sln\vs10\postfix\sample_stack\Debug\link.5428-cvtres.write.1.tlog
C:\Users\Александр\Work\mp2\mp2-lab3-arithmetic\sln\vs10\postfix\sample_stack\Debug\link.5428-rc.read.1.tlog
C:\Users\Александр\Work\mp2\mp2-lab3-arithmetic\sln\vs10\postfix\sample_stack\Debug\link.5428-rc.write.1.tlog
C:\Users\Александр\Work\mp2\mp2-lab3-arithmetic\sln\vs10\postfix\sample_stack\Debug\link.5428.read.1.tlog
C:\Users\Александр\Work\mp2\mp2-lab3-arithmetic\sln\vs10\postfix\sample_stack\Debug\link.5428.write.1.tlog
C:\Users\Александр\Work\mp2\mp2-lab3-arithmetic\sln\vs10\postfix\sample_stack\Debug\link.command.1.tlog
C:\Users\Александр\Work\mp2\mp2-lab3-arithmetic\sln\vs10\postfix\sample_stack\Debug\link.read.1.tlog
C:\Users\Александр\Work\mp2\mp2-lab3-arithmetic\sln\vs10\postfix\sample_stack\Debug\link.write.1.tlog
C:\Users\Александр\Work\mp2\mp2-lab3-arithmetic\sln\vs10\postfix\sample_stack\Debug\vc110.idb
C:\Users\Александр\Work\mp2\mp2-lab3-arithmetic\sln\vs10\postfix\sample_stack\Debug\vc110.pdb
C:\Users\Александр\Work\mp2\mp2-lab3-arithmetic\sln\vs10\postfix\Debug\sample_stack.pdb
